Starting Q|R
version:   v1.1-4-g5b0f99  
Running refinement
   input {
     xray_data {
       file_name = None
       labels = None
       high_resolution = None
       low_resolution = None
       outliers_rejection = True
       french_wilson_scale = True
       french_wilson {
         max_bins = 60
         min_bin_size = 40
       }
       sigma_fobs_rejection_criterion = None
       sigma_iobs_rejection_criterion = None
       ignore_all_zeros = True
       force_anomalous_flag_to_be_equal_to = None
       convert_to_non_anomalous_if_ratio_pairs_lone_less_than_threshold = 0.5
       r_free_flags {
         file_name = None
         label = None
         test_flag_value = None
         ignore_r_free_flags = False
         disable_suitability_test = False
         ignore_pdb_hexdigest = False
         generate = False
         fraction = 0.1
         max_free = 2000
         lattice_symmetry_max_delta = 5
         use_lattice_symmetry = True
         use_dataman_shells = False
         n_shells = 20
       }
     }
     pdb {
       file_name = None
     }
     monomers {
       file_name = None
     }
     maps {
       map_file_name = None
       d_min = None
       map_coefficients_file_name = None
       map_coefficients_label = None
     }
     sequence = None
     scattering_table = wk1995 it1992 *n_gaussian neutron electron
     wavelength = None
     energy = None
     twin_law = Auto
   }
   max_atoms = 15000
   debug = False
   scattering_table = wk1995 it1992 *n_gaussian electron neutron
   cluster {
     fast_interaction = true
     charge_cutoff = 8.0
     clustering = true
     charge_embedding = False
     two_buffers = False
     maxnum_residues_in_cluster = 15
     select_within_radius = 10
     clustering_method = gnc *bcc
     altloc_method = average *subtract
     g_scan = 10 15 20
     g_mode = None
     save_clusters = True
     bond_with_altloc = True
     re_calculate_rmsd_tolerance = 0.5
   }
   restraints = cctbx *qm
   expansion = False
   quantum {
     engine_name = mopac ani torchani terachem turbomole pyscf orca gaussian \
                   *xtb
     basis = Auto
     charge = None
     method = --gfn 1 --gbsa h2o
     memory = None
     nproc = 5
     qm_addon = gcp dftd3 gcp-d3
     qm_addon_method = None
   }
   refine {
     dry_run = False
     sf_algorithm = *direct fft
     refinement_target_name = *ml ls_wunit_k1
     mode = opt *refine gtest
     number_of_macro_cycles = 1
     number_of_weight_search_cycles = 50
     number_of_refine_cycles = 5
     number_of_micro_cycles = 50
     data_weight = None
     choose_best_use_r_work = False
     skip_weight_search = False
     adjust_restraints_weight_scale_value = 2
     max_iterations_weight = 50
     max_iterations_refine = 50
     use_ase_lbfgs = False
     line_search = True
     stpmax = 0.2
     gradient_only = true
     update_all_scales = True
     refine_sites = True
     refine_adp = False
     restraints_weight_scale = 1.0
     shake_sites = False
     use_convergence_test = true
     max_bond_rmsd = 0.03
     max_r_work_r_free_gap = 5.0
     r_tolerance = 0.001
     rmsd_tolerance = 0.01
     opt_log = 1
     pre_opt = False
     pre_opt_stpmax = 0.1
     pre_opt_iter = 10
     pre_opt_switch = 2
     pre_opt_gconv = 3000
     minimizer = *lbfgs lbfgsb
   }
   parallel {
     method = *multiprocessing slurm pbs sge lsf threading
     nproc = 4
     qsub_command = None
   }
   output_file_name_prefix = None
   output_folder_name = "pdb"
   rst_file = None
   dump_gradients = None
   Resolution    Compl Nwork Nfree R_work    <Fobs>  <Fmodel> kiso   kani kmask
 78.129-15.401   68.75    96     3 0.2496   825.294   622.073 1.000 1.512 0.344
 15.322-12.336   80.16    94     7 0.1470   962.231   892.986 1.000 1.512 0.329
 12.314-9.902    85.29   194     9 0.1134  1148.020  1071.085 1.000 1.513 0.324
  9.887-7.956    85.68   381    14 0.1270   923.977   894.372 1.000 1.512 0.321
  7.954-6.396    87.09   728    21 0.1739   626.939   646.035 1.000 1.511 0.319
  6.391-5.139    88.92  1414    71 0.1884   556.396   585.778 1.000 1.511 0.305
  5.136-4.129    91.19  2729   159 0.1492   695.866   692.502 1.000 1.512 0.300
  4.128-3.319    93.54  5393   284 0.1706   540.257   515.826 1.000 1.514 0.160
  3.318-2.667    95.75 10584   566 0.2190   274.197   265.864 1.000 1.517 0.024
  2.667-2.401    97.31  8220   467 0.2676   166.137   160.332 1.000 1.521 0.000

Initial r_work=0.1931 r_free=0.2519
 params.gradient_only True

***********************************************************
restart info will be stored in /home/amax/pdb/3fup/pdb/3fup_refine_001_complete.rst.pickle
***********************************************************

Traceback (most recent call last):
  File "/home/amax/phenix-python3-4537/phenix/modules/./qrefine/command_line/refine.py", line 144, in <module>
    run(args=sys.argv[1:], log=log)
  File "/home/amax/phenix-python3-4537/phenix/modules/./qrefine/command_line/refine.py", line 138, in run
    log      = log)
  File "/home/amax/phenix-python3-4537/phenix/modules/qrefine/qr.py", line 603, in run
    restraints_manager = create_restraints_manager(params, model)
  File "/home/amax/phenix-python3-4537/phenix/modules/qrefine/qr.py", line 382, in create_restraints_manager
    fragment_manager = create_fragment_manager(params = params, model = model)
  File "/home/amax/phenix-python3-4537/phenix/modules/qrefine/qr.py", line 363, in create_fragment_manager
    bond_with_altloc_flag      = params.cluster.bond_with_altloc)
  File "/home/amax/phenix-python3-4537/phenix/modules/qrefine/fragment.py", line 109, in __init__
    self.set_up_cluster_qm()
  File "/home/amax/phenix-python3-4537/phenix/modules/qrefine/fragment.py", line 158, in set_up_cluster_qm
    self.get_fragment_hierarchies_and_charges()
  File "/home/amax/phenix-python3-4537/phenix/modules/qrefine/fragment.py", line 455, in get_fragment_hierarchies_and_charges
    charge = charges_class(pdb_filename=str(i)+"_capping_tmp.pdb").get_total_charge()
  File "/home/amax/phenix-python3-4537/phenix/modules/qrefine/charges.py", line 161, in get_total_charge
    verbose=verbose,
  File "/home/amax/phenix-python3-4537/phenix/modules/qrefine/utils/electrons.py", line 425, in run
    pdb_interpretation_params = working_params)
  File "/home/amax/phenix-python3-4537/phenix/lib/python3.7/site-packages/mmtbx/model/model.py", line 1727, in process
    allow_missing_symmetry = True)
  File "/home/amax/phenix-python3-4537/phenix/lib/python3.7/site-packages/mmtbx/utils/__init__.py", line 287, in process_pdb_files
    allow_missing_symmetry   = allow_missing_symmetry)
  File "/home/amax/phenix-python3-4537/phenix/lib/python3.7/site-packages/mmtbx/utils/__init__.py", line 372, in _process_pdb_file
    raise Sorry(msg)
Sorry: Fatal problems interpreting model file:
  Number of atoms with unknown nonbonded energy type symbols: 1
    Please edit the model file to resolve the problems and/or supply a
    CIF file with matching restraint definitions, along with
    apply_cif_modification and apply_cif_link parameter definitions
    if necessary.
